c:\users\masoud\documents\educational-material\opencv\buildingcomputervisionprojectswithopencv4andcpp\x64\debug\vc142.pdb
c:\users\masoud\documents\educational-material\opencv\buildingcomputervisionprojectswithopencv4andcpp\x64\debug\vc142.idb
c:\users\masoud\documents\educational-material\opencv\buildingcomputervisionprojectswithopencv4andcpp\x64\debug\1_6_feature_extraction.obj
c:\users\masoud\documents\educational-material\opencv\buildingcomputervisionprojectswithopencv4andcpp\x64\debug\1_5_3d_reconstruction.obj
c:\users\masoud\documents\educational-material\opencv\buildingcomputervisionprojectswithopencv4andcpp\x64\debug\1_4_video_analysis.obj
c:\users\masoud\documents\educational-material\opencv\buildingcomputervisionprojectswithopencv4andcpp\x64\debug\1_3_highgui_modules.obj
c:\users\masoud\documents\educational-material\opencv\buildingcomputervisionprojectswithopencv4andcpp\x64\debug\1_2_operations_on_image.obj
c:\users\masoud\documents\educational-material\opencv\buildingcomputervisionprojectswithopencv4andcpp\x64\debug\1_1_built_in_data_structures.obj
c:\users\masoud\documents\educational-material\opencv\buildingcomputervisionprojectswithopencv4andcpp\x64\debug\1_15_deep_learning.obj
c:\users\masoud\documents\educational-material\opencv\buildingcomputervisionprojectswithopencv4andcpp\x64\debug\1_14_text_detection.obj
c:\users\masoud\documents\educational-material\opencv\buildingcomputervisionprojectswithopencv4andcpp\x64\debug\1_13_surface_matching.obj
c:\users\masoud\documents\educational-material\opencv\buildingcomputervisionprojectswithopencv4andcpp\x64\debug\1_12_face_and_object_recognition.obj
c:\users\masoud\documents\educational-material\opencv\buildingcomputervisionprojectswithopencv4andcpp\x64\debug\1_11_optical_flow_algorithms.obj
c:\users\masoud\documents\educational-material\opencv\buildingcomputervisionprojectswithopencv4andcpp\x64\debug\1_10_shape_analysis.obj
c:\users\masoud\documents\educational-material\opencv\buildingcomputervisionprojectswithopencv4andcpp\x64\debug\4_more_explicit_path_addition.obj
c:\users\masoud\documents\educational-material\opencv\buildingcomputervisionprojectswithopencv4andcpp\x64\debug\3_sample_cmake_file_for_project.obj
c:\users\masoud\documents\educational-material\opencv\buildingcomputervisionprojectswithopencv4andcpp\x64\debug\2_find_opencv_package.obj
c:\users\masoud\documents\educational-material\opencv\buildingcomputervisionprojectswithopencv4andcpp\x64\debug\1_using_cmake_to_configure_project.obj
c:\users\masoud\documents\educational-material\opencv\buildingcomputervisionprojectswithopencv4andcpp\x64\debug\2_3_continuous_noncontinuous_access.obj
c:\users\masoud\documents\educational-material\opencv\buildingcomputervisionprojectswithopencv4andcpp\x64\debug\2_1_access_pixel_with_pointer.obj
c:\users\masoud\documents\educational-material\opencv\buildingcomputervisionprojectswithopencv4andcpp\x64\debug\1_the_mat_class.obj
c:\users\masoud\documents\educational-material\opencv\buildingcomputervisionprojectswithopencv4andcpp\x64\debug\2_installing_on_windows.obj
c:\users\masoud\documents\educational-material\opencv\buildingcomputervisionprojectswithopencv4andcpp\x64\debug\1_9_computational_photography.obj
c:\users\masoud\documents\educational-material\opencv\buildingcomputervisionprojectswithopencv4andcpp\x64\debug\1_8_machine_learning.obj
c:\users\masoud\documents\educational-material\opencv\buildingcomputervisionprojectswithopencv4andcpp\x64\debug\1_7_object_detection.obj
c:\users\masoud\documents\educational-material\opencv\buildingcomputervisionprojectswithopencv4andcpp\x64\debug\2_2_how_to_get_the_pointer.obj
c:\users\masoud\documents\educational-material\opencv\x64\debug\buildingcomputervisionprojectswithopencv4.ilk
c:\users\masoud\documents\educational-material\opencv\x64\debug\buildingcomputervisionprojectswithopencv4.exe
c:\users\masoud\documents\educational-material\opencv\x64\debug\buildingcomputervisionprojectswithopencv4.pdb
c:\users\masoud\documents\educational-material\opencv\buildingcomputervisionprojectswithopencv4andcpp\x64\debug\building.ca08a138.tlog\cl.command.1.tlog
c:\users\masoud\documents\educational-material\opencv\buildingcomputervisionprojectswithopencv4andcpp\x64\debug\building.ca08a138.tlog\cl.read.1.tlog
c:\users\masoud\documents\educational-material\opencv\buildingcomputervisionprojectswithopencv4andcpp\x64\debug\building.ca08a138.tlog\cl.write.1.tlog
c:\users\masoud\documents\educational-material\opencv\buildingcomputervisionprojectswithopencv4andcpp\x64\debug\building.ca08a138.tlog\link.command.1.tlog
c:\users\masoud\documents\educational-material\opencv\buildingcomputervisionprojectswithopencv4andcpp\x64\debug\building.ca08a138.tlog\link.read.1.tlog
c:\users\masoud\documents\educational-material\opencv\buildingcomputervisionprojectswithopencv4andcpp\x64\debug\building.ca08a138.tlog\link.write.1.tlog
