c:\users\masoud\documents\educational-material\opencv\buildingcomputervisionprojectswithopencv4andcpp\release\vc142.pdb
c:\users\masoud\documents\educational-material\opencv\buildingcomputervisionprojectswithopencv4andcpp\release\1_6_feature_extraction.obj
c:\users\masoud\documents\educational-material\opencv\buildingcomputervisionprojectswithopencv4andcpp\release\1_5_3d_reconstruction.obj
c:\users\masoud\documents\educational-material\opencv\buildingcomputervisionprojectswithopencv4andcpp\release\1_4_video_analysis.obj
c:\users\masoud\documents\educational-material\opencv\buildingcomputervisionprojectswithopencv4andcpp\release\1_3_highgui_modules.obj
c:\users\masoud\documents\educational-material\opencv\buildingcomputervisionprojectswithopencv4andcpp\release\1_2_operations_on_image.obj
c:\users\masoud\documents\educational-material\opencv\buildingcomputervisionprojectswithopencv4andcpp\release\1_1_built_in_data_structures.obj
c:\users\masoud\documents\educational-material\opencv\buildingcomputervisionprojectswithopencv4andcpp\release\1_15_deep_learning.obj
c:\users\masoud\documents\educational-material\opencv\buildingcomputervisionprojectswithopencv4andcpp\release\1_14_text_detection.obj
c:\users\masoud\documents\educational-material\opencv\buildingcomputervisionprojectswithopencv4andcpp\release\1_13_surface_matching.obj
c:\users\masoud\documents\educational-material\opencv\buildingcomputervisionprojectswithopencv4andcpp\release\1_12_face_and_object_recognition.obj
c:\users\masoud\documents\educational-material\opencv\buildingcomputervisionprojectswithopencv4andcpp\release\1_11_optical_flow_algorithms.obj
c:\users\masoud\documents\educational-material\opencv\buildingcomputervisionprojectswithopencv4andcpp\release\1_10_shape_analysis.obj
c:\users\masoud\documents\educational-material\opencv\buildingcomputervisionprojectswithopencv4andcpp\release\4_more_explicit_path_addition.obj
c:\users\masoud\documents\educational-material\opencv\buildingcomputervisionprojectswithopencv4andcpp\release\3_sample_cmake_file_for_project.obj
c:\users\masoud\documents\educational-material\opencv\buildingcomputervisionprojectswithopencv4andcpp\release\2_find_opencv_package.obj
c:\users\masoud\documents\educational-material\opencv\buildingcomputervisionprojectswithopencv4andcpp\release\1_using_cmake_to_configure_project.obj
c:\users\masoud\documents\educational-material\opencv\buildingcomputervisionprojectswithopencv4andcpp\release\2_3_continuous_noncontinuous_access.obj
c:\users\masoud\documents\educational-material\opencv\buildingcomputervisionprojectswithopencv4andcpp\release\2_2_how_to_get_the_pointer.obj
c:\users\masoud\documents\educational-material\opencv\buildingcomputervisionprojectswithopencv4andcpp\release\2_1_access_pixel_with_pointer.obj
c:\users\masoud\documents\educational-material\opencv\buildingcomputervisionprojectswithopencv4andcpp\release\1_the_mat_class.obj
c:\users\masoud\documents\educational-material\opencv\buildingcomputervisionprojectswithopencv4andcpp\release\2_installing_on_windows.obj
c:\users\masoud\documents\educational-material\opencv\buildingcomputervisionprojectswithopencv4andcpp\release\1_9_computational_photography.obj
c:\users\masoud\documents\educational-material\opencv\buildingcomputervisionprojectswithopencv4andcpp\release\1_8_machine_learning.obj
c:\users\masoud\documents\educational-material\opencv\buildingcomputervisionprojectswithopencv4andcpp\release\1_7_object_detection.obj
c:\users\masoud\documents\educational-material\opencv\buildingcomputervisionprojectswithopencv4andcpp\release\building.ca08a138.tlog\cl.command.1.tlog
c:\users\masoud\documents\educational-material\opencv\buildingcomputervisionprojectswithopencv4andcpp\release\building.ca08a138.tlog\cl.read.1.tlog
c:\users\masoud\documents\educational-material\opencv\buildingcomputervisionprojectswithopencv4andcpp\release\building.ca08a138.tlog\cl.write.1.tlog
c:\users\masoud\documents\educational-material\opencv\buildingcomputervisionprojectswithopencv4andcpp\release\building.ca08a138.tlog\link.command.1.tlog
c:\users\masoud\documents\educational-material\opencv\buildingcomputervisionprojectswithopencv4andcpp\release\building.ca08a138.tlog\link.read.1.tlog
c:\users\masoud\documents\educational-material\opencv\buildingcomputervisionprojectswithopencv4andcpp\release\building.ca08a138.tlog\link.write.1.tlog
